<?xml version="1.0" encoding="UTF-8"?>
<!-- Generated by org.testng.reporters.JUnitXMLReporter -->
<testsuite ignored="2" hostname="Admin.local" failures="0" tests="2" name="Default test(failed)" time="0.207" errors="0" timestamp="2021-05-27T23:57:19 IST">
  <testcase classname="testpakage.TestNGRetryFailed" name="testrerun2" time="0.031"/>
  <testcase classname="testpakage.TestNGRetryFailed" name="testrerun3" time="0.009"/>
  <testcase classname="testpakage.TestNGRetryFailed" name="testrerun4" time="0.0">
    <ignored/>
  </testcase> <!-- testrerun4 -->
  <testcase classname="testpakage.TestNGRetryFailed" name="testrerun1" time="0.0">
    <ignored/>
  </testcase> <!-- testrerun1 -->
</testsuite> <!-- Default test(failed) -->
