<?xml version="1.0" encoding="UTF-8"?>
<!-- Generated by org.testng.reporters.JUnitXMLReporter -->
<testsuite ignored="0" hostname="Admin.local" failures="1" tests="4" name="Test" time="0.137" errors="0" timestamp="2021-05-27T00:10:31 IST">
  <testcase classname="testpakage.TestNGGroupingDemo" name="test21" time="0.019">
    <skipped/>
  </testcase> <!-- test21 -->
  <testcase classname="testpakage.TestNGGroupingDemo" name="test22" time="0.005">
    <failure type="java.lang.AssertionError">
      <![CDATA[java.lang.AssertionError: 
at testpakage.TestNGGroupingDemo.test22(TestNGGroupingDemo.java:32)
at java.base/java.util.ArrayList.forEach(ArrayList.java:1511)
... Removed 30 stack frames]]>
    </failure>
  </testcase> <!-- test22 -->
  <testcase classname="testpakage.TestNGGroupingDemo" name="test23" time="0.003"/>
  <testcase classname="testpakage.TestNGGroupingDemo" name="test24" time="0.004"/>
</testsuite> <!-- Test -->
